<?xml version="1.0" encoding="UTF-8"?>
<testsuites name="All Test Case" time="10.964" tests="1" failures="0" errors="0">
   <testsuite name="All Test Case" tests="1" failures="0" errors="0" time="10.964" skipped="0" timestamp="2021-08-08 09:03:09" hostname="alpi - NB0280.local.alto.id" id="Test Suites/All Test Case">
      <properties>
         <property name="deviceName" value=""/>
         <property name="devicePlatform" value=""/>
         <property name="logFolder" value="C:\\Users\\alpi\\git\\Test-1\\Reports\\20210808_090302\\All Test Case\\20210808_090302"/>
         <property name="logFiles" value="C:\\Users\\alpi\\git\\Test-1\\Reports\\20210808_090302\\All Test Case\\20210808_090302\\execution0.log"/>
         <property name="attachments" value=""/>
         <property name="hostName" value="alpi - NB0280.local.alto.id"/>
         <property name="hostAddress" value="192.168.1.8"/>
         <property name="os" value="Windows 10 64bit"/>
         <property name="katalonVersion" value="8.0.5.208"/>
      </properties>
      <testcase name="Test Cases/Test 1/Test 1" time="9.617" classname="Test Cases/Test 1/Test 1" status="PASSED">
         <system-out><![CDATA[2021-08-08 09:03:09 - [TEST_CASE][PASSED] - Test Cases/Test 1/Test 1: Test Cases/Test 1/Test 1

2021-08-08 09:03:10 - [TEST_STEP][PASSED] - sendRequestAndVerify(findTestObject("Test 1/Get_list_user")): Send request and verify the response successfully

2021-08-08 09:03:14 - [MESSAGE][INFO] - HAR: C:\Users\alpi\git\Test-1\Reports\20210808_090302\All Test Case\20210808_090302\requests\main\0.har

2021-08-08 09:03:14 - [TEST_CASE][PASSED] - Start Test Case : Verification: Verification accomplished successfully

2021-08-08 09:03:14 - [TEST_STEP][PASSED] - request = getInstance().getCurrentRequest(): null

2021-08-08 09:03:14 - [TEST_STEP][PASSED] - response = getInstance().getCurrentResponse(): null

2021-08-08 09:03:14 - [TEST_STEP][PASSED] - verifyResponseStatusCode(response, 200): Verify response status code successfully

2021-08-08 09:03:14 - [MESSAGE][PASSED] - Verify response status code successfully

2021-08-08 09:03:14 - [TEST_STEP][PASSED] - getStatusCode()).isEqualTo(200): null

2021-08-08 09:03:15 - [MESSAGE][PASSED] - Verify response successfully

2021-08-08 09:03:15 - [MESSAGE][PASSED] - Send request and verify the response successfully

2021-08-08 09:03:15 - [TEST_STEP][PASSED] - sendRequestAndVerify(findTestObject("Test 1/Get_Single_User")): Send request and verify the response successfully

2021-08-08 09:03:16 - [MESSAGE][INFO] - HAR: C:\Users\alpi\git\Test-1\Reports\20210808_090302\All Test Case\20210808_090302\requests\main\1.har

2021-08-08 09:03:16 - [TEST_CASE][PASSED] - Start Test Case : Verification: Verification accomplished successfully

2021-08-08 09:03:16 - [TEST_STEP][PASSED] - request = getInstance().getCurrentRequest(): null

2021-08-08 09:03:16 - [TEST_STEP][PASSED] - response = getInstance().getCurrentResponse(): null

2021-08-08 09:03:16 - [TEST_STEP][PASSED] - verifyResponseStatusCode(response, 200): Verify response status code successfully

2021-08-08 09:03:16 - [MESSAGE][PASSED] - Verify response status code successfully

2021-08-08 09:03:16 - [TEST_STEP][PASSED] - getStatusCode()).isEqualTo(200): null

2021-08-08 09:03:16 - [MESSAGE][PASSED] - Verify response successfully

2021-08-08 09:03:16 - [MESSAGE][PASSED] - Send request and verify the response successfully

2021-08-08 09:03:16 - [TEST_STEP][PASSED] - sendRequestAndVerify(findTestObject("Test 1/Put_update")): Send request and verify the response successfully

2021-08-08 09:03:17 - [MESSAGE][INFO] - HAR: C:\Users\alpi\git\Test-1\Reports\20210808_090302\All Test Case\20210808_090302\requests\main\2.har

2021-08-08 09:03:17 - [TEST_CASE][PASSED] - Start Test Case : Verification: Verification accomplished successfully

2021-08-08 09:03:17 - [TEST_STEP][PASSED] - request = getInstance().getCurrentRequest(): null

2021-08-08 09:03:17 - [TEST_STEP][PASSED] - response = getInstance().getCurrentResponse(): null

2021-08-08 09:03:17 - [MESSAGE][PASSED] - Verify response successfully

2021-08-08 09:03:17 - [MESSAGE][PASSED] - Send request and verify the response successfully

2021-08-08 09:03:17 - [TEST_STEP][PASSED] - sendRequestAndVerify(findTestObject("Test 1/Post_register_succesful")): Send request and verify the response successfully

2021-08-08 09:03:19 - [MESSAGE][INFO] - HAR: C:\Users\alpi\git\Test-1\Reports\20210808_090302\All Test Case\20210808_090302\requests\main\3.har

2021-08-08 09:03:19 - [TEST_CASE][PASSED] - Start Test Case : Verification: Verification accomplished successfully

2021-08-08 09:03:19 - [TEST_STEP][PASSED] - request = getInstance().getCurrentRequest(): null

2021-08-08 09:03:19 - [TEST_STEP][PASSED] - response = getInstance().getCurrentResponse(): null

2021-08-08 09:03:19 - [TEST_STEP][PASSED] - verifyResponseStatusCode(response, 200): Verify response status code successfully

2021-08-08 09:03:19 - [MESSAGE][PASSED] - Verify response status code successfully

2021-08-08 09:03:19 - [TEST_STEP][PASSED] - getStatusCode()).isEqualTo(200): null

2021-08-08 09:03:19 - [MESSAGE][PASSED] - Verify response successfully

2021-08-08 09:03:19 - [MESSAGE][PASSED] - Send request and verify the response successfully]]></system-out>
         <system-err><![CDATA[]]></system-err>
      </testcase>
      <system-out><![CDATA[2021-08-08 09:03:09 - [TEST_SUITE][PASSED] - All Test Case: Test Cases/Test 1/Test 1]]></system-out>
      <system-err><![CDATA[]]></system-err>
   </testsuite>
</testsuites>
